0 info it worked if it ends with ok
1 verbose cli [ '/Users/gaudi/.nvm/versions/node/v6.11.3/bin/node',
1 verbose cli   '/Users/gaudi/.nvm/versions/node/v6.11.3/bin/npm',
1 verbose cli   'i',
1 verbose cli   '--save',
1 verbose cli   'nextatic',
1 verbose cli   'next',
1 verbose cli   'react',
1 verbose cli   'react-dom',
1 verbose cli   'graphql' ]
2 info using npm@3.10.10
3 info using node@v6.11.3
4 silly loadCurrentTree Starting
5 silly install loadCurrentTree
6 silly install readLocalPackageData
7 silly fetchPackageMetaData nextatic
8 silly fetchPackageMetaData next
9 silly fetchPackageMetaData react
10 silly fetchPackageMetaData react-dom
11 silly fetchPackageMetaData graphql
12 silly fetchNamedPackageData nextatic
13 silly mapToRegistry name nextatic
14 silly mapToRegistry scope (from config) @resindev
15 silly mapToRegistry registry https://registry.npmjs.org/
16 silly mapToRegistry data Result {
16 silly mapToRegistry   raw: 'nextatic',
16 silly mapToRegistry   scope: null,
16 silly mapToRegistry   escapedName: 'nextatic',
16 silly mapToRegistry   name: 'nextatic',
16 silly mapToRegistry   rawSpec: '',
16 silly mapToRegistry   spec: 'latest',
16 silly mapToRegistry   type: 'tag' }
17 silly mapToRegistry uri https://registry.npmjs.org/nextatic
18 silly fetchNamedPackageData next
19 silly mapToRegistry name next
20 silly mapToRegistry scope (from config) @resindev
21 silly mapToRegistry registry https://registry.npmjs.org/
22 silly mapToRegistry data Result {
22 silly mapToRegistry   raw: 'next',
22 silly mapToRegistry   scope: null,
22 silly mapToRegistry   escapedName: 'next',
22 silly mapToRegistry   name: 'next',
22 silly mapToRegistry   rawSpec: '',
22 silly mapToRegistry   spec: 'latest',
22 silly mapToRegistry   type: 'tag' }
23 silly mapToRegistry uri https://registry.npmjs.org/next
24 silly fetchNamedPackageData react
25 silly mapToRegistry name react
26 silly mapToRegistry scope (from config) @resindev
27 silly mapToRegistry registry https://registry.npmjs.org/
28 silly mapToRegistry data Result {
28 silly mapToRegistry   raw: 'react',
28 silly mapToRegistry   scope: null,
28 silly mapToRegistry   escapedName: 'react',
28 silly mapToRegistry   name: 'react',
28 silly mapToRegistry   rawSpec: '',
28 silly mapToRegistry   spec: 'latest',
28 silly mapToRegistry   type: 'tag' }
29 silly mapToRegistry uri https://registry.npmjs.org/react
30 silly fetchNamedPackageData react-dom
31 silly mapToRegistry name react-dom
32 silly mapToRegistry scope (from config) @resindev
33 silly mapToRegistry registry https://registry.npmjs.org/
34 silly mapToRegistry data Result {
34 silly mapToRegistry   raw: 'react-dom',
34 silly mapToRegistry   scope: null,
34 silly mapToRegistry   escapedName: 'react-dom',
34 silly mapToRegistry   name: 'react-dom',
34 silly mapToRegistry   rawSpec: '',
34 silly mapToRegistry   spec: 'latest',
34 silly mapToRegistry   type: 'tag' }
35 silly mapToRegistry uri https://registry.npmjs.org/react-dom
36 silly fetchNamedPackageData graphql
37 silly mapToRegistry name graphql
38 silly mapToRegistry scope (from config) @resindev
39 silly mapToRegistry registry https://registry.npmjs.org/
40 silly mapToRegistry data Result {
40 silly mapToRegistry   raw: 'graphql',
40 silly mapToRegistry   scope: null,
40 silly mapToRegistry   escapedName: 'graphql',
40 silly mapToRegistry   name: 'graphql',
40 silly mapToRegistry   rawSpec: '',
40 silly mapToRegistry   spec: 'latest',
40 silly mapToRegistry   type: 'tag' }
41 silly mapToRegistry uri https://registry.npmjs.org/graphql
42 verbose request uri https://registry.npmjs.org/nextatic
43 verbose request no auth needed
44 info attempt registry request try #1 at 11:53:01 PM
45 verbose request using bearer token for auth
46 verbose request id 0b5fee36abcedb00
47 http request GET https://registry.npmjs.org/nextatic
48 verbose request uri https://registry.npmjs.org/react-dom
49 verbose request no auth needed
50 info attempt registry request try #1 at 11:53:01 PM
51 verbose request using bearer token for auth
52 verbose etag W/"59ba7f94-1df9e"
53 verbose lastModified Thu, 14 Sep 2017 13:09:40 GMT
54 http request GET https://registry.npmjs.org/react-dom
55 verbose request uri https://registry.npmjs.org/react
56 verbose request no auth needed
57 info attempt registry request try #1 at 11:53:01 PM
58 verbose request using bearer token for auth
59 verbose etag W/"59ba7f8d-2f767"
60 verbose lastModified Thu, 14 Sep 2017 13:09:33 GMT
61 http request GET https://registry.npmjs.org/react
62 verbose request uri https://registry.npmjs.org/next
63 verbose request no auth needed
64 info attempt registry request try #1 at 11:53:01 PM
65 verbose request using bearer token for auth
66 verbose etag W/"59b2de93-811aa"
67 verbose lastModified Fri, 08 Sep 2017 18:16:51 GMT
68 http request GET https://registry.npmjs.org/next
69 verbose request uri https://registry.npmjs.org/graphql
70 verbose request no auth needed
71 info attempt registry request try #1 at 11:53:01 PM
72 verbose request using bearer token for auth
73 verbose etag W/"59bbcd33-31961"
74 verbose lastModified Fri, 15 Sep 2017 12:53:07 GMT
75 http request GET https://registry.npmjs.org/graphql
76 http 304 https://registry.npmjs.org/next
77 verbose headers { server: 'nginx/1.10.1',
77 verbose headers   'last-modified': 'Fri, 08 Sep 2017 18:16:51 GMT',
77 verbose headers   etag: '"59b2de93-811aa"',
77 verbose headers   'cache-control': 'max-age=300',
77 verbose headers   'accept-ranges': 'bytes',
77 verbose headers   date: 'Sun, 17 Sep 2017 20:53:03 GMT',
77 verbose headers   via: '1.1 varnish',
77 verbose headers   connection: 'keep-alive',
77 verbose headers   'x-served-by': 'cache-lhr6334-LHR',
77 verbose headers   'x-cache': 'MISS',
77 verbose headers   'x-cache-hits': '0',
77 verbose headers   'x-timer': 'S1505681584.582054,VS0,VE64',
77 verbose headers   vary: 'Accept-Encoding, Accept' }
78 silly get cb [ 304,
78 silly get   { server: 'nginx/1.10.1',
78 silly get     'last-modified': 'Fri, 08 Sep 2017 18:16:51 GMT',
78 silly get     etag: '"59b2de93-811aa"',
78 silly get     'cache-control': 'max-age=300',
78 silly get     'accept-ranges': 'bytes',
78 silly get     date: 'Sun, 17 Sep 2017 20:53:03 GMT',
78 silly get     via: '1.1 varnish',
78 silly get     connection: 'keep-alive',
78 silly get     'x-served-by': 'cache-lhr6334-LHR',
78 silly get     'x-cache': 'MISS',
78 silly get     'x-cache-hits': '0',
78 silly get     'x-timer': 'S1505681584.582054,VS0,VE64',
78 silly get     vary: 'Accept-Encoding, Accept' } ]
79 verbose etag https://registry.npmjs.org/next from cache
80 verbose get saving next to /Users/gaudi/.npm/registry.npmjs.org/next/.cache.json
81 verbose correctMkdir /Users/gaudi/.npm correctMkdir not in flight; initializing
82 http 304 https://registry.npmjs.org/graphql
83 verbose headers { server: 'nginx/1.10.1',
83 verbose headers   'last-modified': 'Fri, 15 Sep 2017 12:53:07 GMT',
83 verbose headers   etag: '"59bbcd33-31961"',
83 verbose headers   'cache-control': 'max-age=300',
83 verbose headers   'accept-ranges': 'bytes',
83 verbose headers   date: 'Sun, 17 Sep 2017 20:53:03 GMT',
83 verbose headers   via: '1.1 varnish',
83 verbose headers   connection: 'keep-alive',
83 verbose headers   'x-served-by': 'cache-lhr6341-LHR',
83 verbose headers   'x-cache': 'MISS',
83 verbose headers   'x-cache-hits': '0',
83 verbose headers   'x-timer': 'S1505681584.585393,VS0,VE61',
83 verbose headers   vary: 'Accept-Encoding, Accept' }
84 silly get cb [ 304,
84 silly get   { server: 'nginx/1.10.1',
84 silly get     'last-modified': 'Fri, 15 Sep 2017 12:53:07 GMT',
84 silly get     etag: '"59bbcd33-31961"',
84 silly get     'cache-control': 'max-age=300',
84 silly get     'accept-ranges': 'bytes',
84 silly get     date: 'Sun, 17 Sep 2017 20:53:03 GMT',
84 silly get     via: '1.1 varnish',
84 silly get     connection: 'keep-alive',
84 silly get     'x-served-by': 'cache-lhr6341-LHR',
84 silly get     'x-cache': 'MISS',
84 silly get     'x-cache-hits': '0',
84 silly get     'x-timer': 'S1505681584.585393,VS0,VE61',
84 silly get     vary: 'Accept-Encoding, Accept' } ]
85 verbose etag https://registry.npmjs.org/graphql from cache
86 verbose get saving graphql to /Users/gaudi/.npm/registry.npmjs.org/graphql/.cache.json
87 verbose correctMkdir /Users/gaudi/.npm correctMkdir already in flight; waiting
88 http 304 https://registry.npmjs.org/react
89 verbose headers { server: 'nginx/1.10.1',
89 verbose headers   'last-modified': 'Thu, 14 Sep 2017 13:09:33 GMT',
89 verbose headers   etag: '"59ba7f8d-2f767"',
89 verbose headers   'cache-control': 'max-age=300',
89 verbose headers   'accept-ranges': 'bytes',
89 verbose headers   date: 'Sun, 17 Sep 2017 20:53:03 GMT',
89 verbose headers   via: '1.1 varnish',
89 verbose headers   connection: 'keep-alive',
89 verbose headers   'x-served-by': 'cache-lhr6320-LHR',
89 verbose headers   'x-cache': 'MISS',
89 verbose headers   'x-cache-hits': '0',
89 verbose headers   'x-timer': 'S1505681584.582133,VS0,VE61',
89 verbose headers   vary: 'Accept-Encoding, Accept' }
90 silly get cb [ 304,
90 silly get   { server: 'nginx/1.10.1',
90 silly get     'last-modified': 'Thu, 14 Sep 2017 13:09:33 GMT',
90 silly get     etag: '"59ba7f8d-2f767"',
90 silly get     'cache-control': 'max-age=300',
90 silly get     'accept-ranges': 'bytes',
90 silly get     date: 'Sun, 17 Sep 2017 20:53:03 GMT',
90 silly get     via: '1.1 varnish',
90 silly get     connection: 'keep-alive',
90 silly get     'x-served-by': 'cache-lhr6320-LHR',
90 silly get     'x-cache': 'MISS',
90 silly get     'x-cache-hits': '0',
90 silly get     'x-timer': 'S1505681584.582133,VS0,VE61',
90 silly get     vary: 'Accept-Encoding, Accept' } ]
91 verbose etag https://registry.npmjs.org/react from cache
92 verbose get saving react to /Users/gaudi/.npm/registry.npmjs.org/react/.cache.json
93 verbose correctMkdir /Users/gaudi/.npm correctMkdir already in flight; waiting
94 http 304 https://registry.npmjs.org/react-dom
95 verbose headers { server: 'nginx/1.10.1',
95 verbose headers   'last-modified': 'Thu, 14 Sep 2017 13:09:40 GMT',
95 verbose headers   etag: '"59ba7f94-1df9e"',
95 verbose headers   'cache-control': 'max-age=300',
95 verbose headers   'accept-ranges': 'bytes',
95 verbose headers   date: 'Sun, 17 Sep 2017 20:53:03 GMT',
95 verbose headers   via: '1.1 varnish',
95 verbose headers   connection: 'keep-alive',
95 verbose headers   'x-served-by': 'cache-lhr6334-LHR',
95 verbose headers   'x-cache': 'MISS',
95 verbose headers   'x-cache-hits': '0',
95 verbose headers   'x-timer': 'S1505681584.583547,VS0,VE248',
95 verbose headers   vary: 'Accept-Encoding, Accept' }
96 silly get cb [ 304,
96 silly get   { server: 'nginx/1.10.1',
96 silly get     'last-modified': 'Thu, 14 Sep 2017 13:09:40 GMT',
96 silly get     etag: '"59ba7f94-1df9e"',
96 silly get     'cache-control': 'max-age=300',
96 silly get     'accept-ranges': 'bytes',
96 silly get     date: 'Sun, 17 Sep 2017 20:53:03 GMT',
96 silly get     via: '1.1 varnish',
96 silly get     connection: 'keep-alive',
96 silly get     'x-served-by': 'cache-lhr6334-LHR',
96 silly get     'x-cache': 'MISS',
96 silly get     'x-cache-hits': '0',
96 silly get     'x-timer': 'S1505681584.583547,VS0,VE248',
96 silly get     vary: 'Accept-Encoding, Accept' } ]
97 verbose etag https://registry.npmjs.org/react-dom from cache
98 verbose get saving react-dom to /Users/gaudi/.npm/registry.npmjs.org/react-dom/.cache.json
99 verbose correctMkdir /Users/gaudi/.npm correctMkdir not in flight; initializing
100 http 404 https://registry.npmjs.org/nextatic
101 verbose headers { 'content-type': 'application/json',
101 verbose headers   'cache-control': 'max-age=0',
101 verbose headers   'content-length': '2',
101 verbose headers   'accept-ranges': 'bytes',
101 verbose headers   date: 'Sun, 17 Sep 2017 20:53:04 GMT',
101 verbose headers   via: '1.1 varnish',
101 verbose headers   connection: 'keep-alive',
101 verbose headers   'x-served-by': 'cache-lhr6343-LHR',
101 verbose headers   'x-cache': 'MISS',
101 verbose headers   'x-cache-hits': '0',
101 verbose headers   'x-timer': 'S1505681584.582776,VS0,VE667',
101 verbose headers   vary: 'Accept-Encoding' }
102 silly get cb [ 404,
102 silly get   { 'content-type': 'application/json',
102 silly get     'cache-control': 'max-age=0',
102 silly get     'content-length': '2',
102 silly get     'accept-ranges': 'bytes',
102 silly get     date: 'Sun, 17 Sep 2017 20:53:04 GMT',
102 silly get     via: '1.1 varnish',
102 silly get     connection: 'keep-alive',
102 silly get     'x-served-by': 'cache-lhr6343-LHR',
102 silly get     'x-cache': 'MISS',
102 silly get     'x-cache-hits': '0',
102 silly get     'x-timer': 'S1505681584.582776,VS0,VE667',
102 silly get     vary: 'Accept-Encoding' } ]
103 silly fetchPackageMetaData Error: Registry returned 404 for GET on https://registry.npmjs.org/nextatic
103 silly fetchPackageMetaData     at makeError (/Users/gaudi/.nvm/versions/node/v6.11.3/lib/node_modules/npm/node_modules/npm-registry-client/lib/request.js:302:12)
103 silly fetchPackageMetaData     at CachingRegistryClient.<anonymous> (/Users/gaudi/.nvm/versions/node/v6.11.3/lib/node_modules/npm/node_modules/npm-registry-client/lib/request.js:280:14)
103 silly fetchPackageMetaData     at Request._callback (/Users/gaudi/.nvm/versions/node/v6.11.3/lib/node_modules/npm/node_modules/npm-registry-client/lib/request.js:210:14)
103 silly fetchPackageMetaData     at Request.self.callback (/Users/gaudi/.nvm/versions/node/v6.11.3/lib/node_modules/npm/node_modules/request/request.js:187:22)
103 silly fetchPackageMetaData     at emitTwo (events.js:106:13)
103 silly fetchPackageMetaData     at Request.emit (events.js:191:7)
103 silly fetchPackageMetaData     at Request.<anonymous> (/Users/gaudi/.nvm/versions/node/v6.11.3/lib/node_modules/npm/node_modules/request/request.js:1048:10)
103 silly fetchPackageMetaData     at emitOne (events.js:96:13)
103 silly fetchPackageMetaData     at Request.emit (events.js:188:7)
103 silly fetchPackageMetaData     at IncomingMessage.<anonymous> (/Users/gaudi/.nvm/versions/node/v6.11.3/lib/node_modules/npm/node_modules/request/request.js:969:12)
103 silly fetchPackageMetaData  error for nextatic { Error: Registry returned 404 for GET on https://registry.npmjs.org/nextatic
103 silly fetchPackageMetaData     at makeError (/Users/gaudi/.nvm/versions/node/v6.11.3/lib/node_modules/npm/node_modules/npm-registry-client/lib/request.js:302:12)
103 silly fetchPackageMetaData     at CachingRegistryClient.<anonymous> (/Users/gaudi/.nvm/versions/node/v6.11.3/lib/node_modules/npm/node_modules/npm-registry-client/lib/request.js:280:14)
103 silly fetchPackageMetaData     at Request._callback (/Users/gaudi/.nvm/versions/node/v6.11.3/lib/node_modules/npm/node_modules/npm-registry-client/lib/request.js:210:14)
103 silly fetchPackageMetaData     at Request.self.callback (/Users/gaudi/.nvm/versions/node/v6.11.3/lib/node_modules/npm/node_modules/request/request.js:187:22)
103 silly fetchPackageMetaData     at emitTwo (events.js:106:13)
103 silly fetchPackageMetaData     at Request.emit (events.js:191:7)
103 silly fetchPackageMetaData     at Request.<anonymous> (/Users/gaudi/.nvm/versions/node/v6.11.3/lib/node_modules/npm/node_modules/request/request.js:1048:10)
103 silly fetchPackageMetaData     at emitOne (events.js:96:13)
103 silly fetchPackageMetaData     at Request.emit (events.js:188:7)
103 silly fetchPackageMetaData     at IncomingMessage.<anonymous> (/Users/gaudi/.nvm/versions/node/v6.11.3/lib/node_modules/npm/node_modules/request/request.js:969:12) pkgid: 'nextatic', statusCode: 404, code: 'E404' }
104 silly rollbackFailedOptional Starting
105 silly rollbackFailedOptional Finishing
106 silly runTopLevelLifecycles Finishing
107 silly install printInstalled
108 verbose stack Error: Registry returned 404 for GET on https://registry.npmjs.org/nextatic
108 verbose stack     at makeError (/Users/gaudi/.nvm/versions/node/v6.11.3/lib/node_modules/npm/node_modules/npm-registry-client/lib/request.js:302:12)
108 verbose stack     at CachingRegistryClient.<anonymous> (/Users/gaudi/.nvm/versions/node/v6.11.3/lib/node_modules/npm/node_modules/npm-registry-client/lib/request.js:280:14)
108 verbose stack     at Request._callback (/Users/gaudi/.nvm/versions/node/v6.11.3/lib/node_modules/npm/node_modules/npm-registry-client/lib/request.js:210:14)
108 verbose stack     at Request.self.callback (/Users/gaudi/.nvm/versions/node/v6.11.3/lib/node_modules/npm/node_modules/request/request.js:187:22)
108 verbose stack     at emitTwo (events.js:106:13)
108 verbose stack     at Request.emit (events.js:191:7)
108 verbose stack     at Request.<anonymous> (/Users/gaudi/.nvm/versions/node/v6.11.3/lib/node_modules/npm/node_modules/request/request.js:1048:10)
108 verbose stack     at emitOne (events.js:96:13)
108 verbose stack     at Request.emit (events.js:188:7)
108 verbose stack     at IncomingMessage.<anonymous> (/Users/gaudi/.nvm/versions/node/v6.11.3/lib/node_modules/npm/node_modules/request/request.js:969:12)
109 verbose statusCode 404
110 verbose pkgid nextatic
111 verbose cwd /Users/gaudi/work/nextatic-example
112 error Darwin 16.7.0
113 error argv "/Users/gaudi/.nvm/versions/node/v6.11.3/bin/node" "/Users/gaudi/.nvm/versions/node/v6.11.3/bin/npm" "i" "--save" "nextatic" "next" "react" "react-dom" "graphql"
114 error node v6.11.3
115 error npm  v3.10.10
116 error code E404
117 error 404 Registry returned 404 for GET on https://registry.npmjs.org/nextatic
118 error 404
119 error 404 'nextatic' is not in the npm registry.
120 error 404 You should bug the author to publish it (or use the name yourself!)
121 error 404 Note that you can also install from a
122 error 404 tarball, folder, http url, or git url.
123 verbose exit [ 1, true ]
